[2023-11-23 09:53:50,375] {manager.py:474} INFO - Processing files using up to 2 processes at a time 
[2023-11-23 09:53:50,375] {manager.py:475} INFO - Process each file at most once every 30 seconds
[2023-11-23 09:53:50,375] {manager.py:477} INFO - Checking for new files in /opt/airflow/dags every 300 seconds
[2023-11-23 09:53:50,375] {manager.py:684} INFO - Searching for files in /opt/airflow/dags
[2023-11-23 09:53:50,377] {manager.py:687} INFO - There are 0 files in /opt/airflow/dags
[2023-11-23 09:58:51,320] {manager.py:684} INFO - Searching for files in /opt/airflow/dags
[2023-11-23 09:58:51,328] {manager.py:687} INFO - There are 0 files in /opt/airflow/dags
[2023-11-23 10:03:52,150] {manager.py:684} INFO - Searching for files in /opt/airflow/dags
[2023-11-23 10:03:52,158] {manager.py:687} INFO - There are 0 files in /opt/airflow/dags
[2023-11-23 10:08:52,882] {manager.py:684} INFO - Searching for files in /opt/airflow/dags
[2023-11-23 10:08:52,896] {manager.py:687} INFO - There are 0 files in /opt/airflow/dags
[2023-11-23 10:13:53,639] {manager.py:684} INFO - Searching for files in /opt/airflow/dags
[2023-11-23 10:13:53,648] {manager.py:687} INFO - There are 0 files in /opt/airflow/dags
[2023-11-23 10:18:54,363] {manager.py:684} INFO - Searching for files in /opt/airflow/dags
[2023-11-23 10:18:54,372] {manager.py:687} INFO - There are 0 files in /opt/airflow/dags
[2023-11-23 10:23:55,165] {manager.py:684} INFO - Searching for files in /opt/airflow/dags
[2023-11-23 10:23:55,172] {manager.py:687} INFO - There are 0 files in /opt/airflow/dags
[2023-11-23 10:28:55,911] {manager.py:684} INFO - Searching for files in /opt/airflow/dags
[2023-11-23 10:28:55,919] {manager.py:687} INFO - There are 0 files in /opt/airflow/dags
[2023-11-23 10:33:56,518] {manager.py:684} INFO - Searching for files in /opt/airflow/dags
[2023-11-23 10:33:56,525] {manager.py:687} INFO - There are 0 files in /opt/airflow/dags
[2023-11-23 10:35:25,496] {manager.py:455} INFO - Exiting gracefully upon receiving signal 15
[2023-11-24 08:39:56,755] {manager.py:474} INFO - Processing files using up to 2 processes at a time 
[2023-11-24 08:39:56,756] {manager.py:475} INFO - Process each file at most once every 30 seconds
[2023-11-24 08:39:56,757] {manager.py:477} INFO - Checking for new files in /opt/airflow/dags every 300 seconds
[2023-11-24 08:39:56,757] {manager.py:684} INFO - Searching for files in /opt/airflow/dags
[2023-11-24 08:39:56,758] {manager.py:687} INFO - There are 0 files in /opt/airflow/dags
[2023-11-24 08:44:57,360] {manager.py:684} INFO - Searching for files in /opt/airflow/dags
[2023-11-24 08:44:57,372] {manager.py:687} INFO - There are 0 files in /opt/airflow/dags
[2023-11-24 08:49:57,973] {manager.py:684} INFO - Searching for files in /opt/airflow/dags
[2023-11-24 08:49:57,980] {manager.py:687} INFO - There are 0 files in /opt/airflow/dags
[2023-11-24 08:54:58,601] {manager.py:684} INFO - Searching for files in /opt/airflow/dags
[2023-11-24 08:54:58,613] {manager.py:687} INFO - There are 0 files in /opt/airflow/dags
